<?xml version="1.0" encoding="UTF-8"?>
<testsuite xmlns:xsi="http://www.w3.org/2001/XMLSchema-instance" xsi:noNamespaceSchemaLocation="https://maven.apache.org/surefire/maven-surefire-plugin/xsd/surefire-test-report-3.0.xsd" version="3.0" name="dio.springboot.PrimeirosPassosApplicationTests" time="3.613" tests="1" errors="0" skipped="0" failures="0">
  <properties>
[...]
</properties>
  <testcase name="contextLoads" classname="dio.springboot.PrimeirosPassosApplicationTests" time="1.514">
    <system-out><![CDATA[23:10:28.928 [main] INFO org.springframework.test.context.support.AnnotationConfigContextLoaderUtils -- Could not detect default configuration classes for test class [dio.springboot.PrimeirosPassosApplicationTests]: PrimeirosPassosApplicationTests does not declare any static, non-private, non-final, nested classes annotated with @Configuration.
23:10:29.083 [main] INFO org.springframework.boot.test.context.SpringBootTestContextBootstrapper -- Found @SpringBootConfiguration dio.springboot.PrimeirosPassosApplication for test class dio.springboot.PrimeirosPassosApplicationTests

  .   ____          _            __ _ _
 /\\ / ___'_ __ _ _(_)_ __  __ _ \ \ \ \
( ( )\___ | '_ | '_| | '_ \/ _` | \ \ \ \
 \\/  ___)| |_)| | | | | || (_| |  ) ) ) )
  '  |____| .__|_| |_|_| |_\__, | / / / /
 =========|_|==============|___/=/_/_/_/
 :: Spring Boot ::                (v3.1.5)

2023-10-19T23:10:29.760-03:00  INFO 51225 --- [           main] d.s.PrimeirosPassosApplicationTests      : Starting PrimeirosPassosApplicationTests using Java 21 with PID 51225 (started by xtirian in /home/xtirian/xTirian/DIO/projetos/BootcampSantanderDIO/9.SpringBoot/primeiros-passos)
2023-10-19T23:10:29.762-03:00  INFO 51225 --- [           main] d.s.PrimeirosPassosApplicationTests      : No active profile set, falling back to 1 default profile: "default"
2023-10-19T23:10:30.723-03:00  INFO 51225 --- [           main] d.s.PrimeirosPassosApplicationTests      : Started PrimeirosPassosApplicationTests in 1.434 seconds (process running for 2.836)
]]></system-out>
    <system-err><![CDATA[WARNING: A Java agent has been loaded dynamically (/home/xtirian/.m2/repository/net/bytebuddy/byte-buddy-agent/1.14.9/byte-buddy-agent-1.14.9.jar)
WARNING: If a serviceability tool is in use, please run with -XX:+EnableDynamicAgentLoading to hide this warning
WARNING: If a serviceability tool is not in use, please run with -Djdk.instrument.traceUsage for more information
WARNING: Dynamic loading of agents will be disallowed by default in a future release
]]></system-err>
  </testcase>
</testsuite>